<?xml version="1.0" encoding="UTF-8"?>
<!-- Generated by org.testng.reporters.JUnitXMLReporter -->
<testsuite ignored="0" hostname="DESKTOP-799KKK6" failures="0" tests="6" name="Surefire test" time="22.544" errors="0" timestamp="2025-11-22T18:36:28 IST">
  <testcase classname="com.tests.FacebookTest" name="facebookLaunchTest" time="4.513"/>
  <testcase classname="com.tests.AmazonTest" name="amazonLaunchTest" time="5.672"/>
  <testcase classname="com.tests.FlipkartTest" name="flipkartLaunchTest" time="6.444"/>
  <testcase classname="com.tests.GoogleTest" name="googleLaunchTest" time="4.527"/>
  <testcase classname="com.tests.MyntraTest" name="myntraLaunchTest" time="4.267"/>
  <testcase classname="com.tests.YoutubeTest" name="youtubeLaunchTest" time="7.975"/>
</testsuite> <!-- Surefire test -->
