<?xml version="1.0" encoding="UTF-8"?>
<!-- Generated by org.testng.reporters.JUnitXMLReporter -->
<testsuite ignored="0" hostname="DESKTOP-799KKK6" failures="1" tests="9" name="Surefire test" time="30.521" errors="0" timestamp="2025-11-22T22:26:25 IST">
  <testcase classname="com.tests.FlipkartTest" name="flipkartLaunchTest" time="2.798"/>
  <testcase classname="com.tests.GoogleTest" name="googleLaunchTest" time="2.64"/>
  <testcase classname="com.tests.AmazonTest" name="amazonLaunchTest" time="4.255">
    <skipped/>
  </testcase> <!-- amazonLaunchTest -->
  <testcase classname="com.tests.FacebookTest" name="facebookLaunchTest" time="7.344"/>
  <testcase classname="com.tests.MyntraTest" name="myntraLaunchTest" time="7.732"/>
  <testcase classname="com.tests.AmazonTest" name="amazonLaunchTest" time="3.642">
    <skipped/>
  </testcase> <!-- amazonLaunchTest -->
  <testcase classname="com.tests.YoutubeTest" name="youtubeLaunchTest" time="4.174"/>
  <testcase classname="com.tests.AmazonTest" name="amazonLaunchTest" time="3.036">
    <skipped/>
  </testcase> <!-- amazonLaunchTest -->
  <testcase classname="com.tests.AmazonTest" name="amazonLaunchTest" time="2.998">
    <failure type="java.lang.AssertionError" message="expected [true] but found [false]">
      <![CDATA[java.lang.AssertionError: expected [true] but found [false]
at com.tests.AmazonTest.amazonLaunchTest(AmazonTest.java:19)
at java.base/java.util.concurrent.Executors$RunnableAdapter.call(Executors.java:539)
at java.base/java.util.concurrent.FutureTask.run(FutureTask.java:264)
at java.base/java.util.concurrent.ThreadPoolExecutor.runWorker(ThreadPoolExecutor.java:1136)
at java.base/java.util.concurrent.ThreadPoolExecutor$Worker.run(ThreadPoolExecutor.java:635)
at java.base/java.lang.Thread.run(Thread.java:842)
... Removed 17 stack frames]]>
    </failure>
  </testcase> <!-- amazonLaunchTest -->
</testsuite> <!-- Surefire test -->
