<?xml version="1.0" encoding="UTF-8"?>
<!-- Generated by org.testng.reporters.JUnitXMLReporter -->
<testsuite ignored="3" hostname="DESKTOP-799KKK6" failures="0" tests="3" name="Surefire test" time="21.098" errors="0" timestamp="2025-11-22T20:23:57 IST">
  <testcase classname="com.tests.FlipkartTest" name="flipkartLaunchTest" time="4.451"/>
  <testcase classname="com.tests.MyntraTest" name="myntraLaunchTest" time="6.027"/>
  <testcase classname="com.tests.AmazonTest" name="amazonLaunchTest" time="3.004"/>
  <testcase classname="com.tests.YoutubeTest" name="youtubeLaunchTest" time="0.0">
    <ignored/>
  </testcase> <!-- youtubeLaunchTest -->
  <testcase classname="com.tests.GoogleTest" name="googleLaunchTest" time="0.0">
    <ignored/>
  </testcase> <!-- googleLaunchTest -->
  <testcase classname="com.tests.FacebookTest" name="facebookLaunchTest" time="0.0">
    <ignored/>
  </testcase> <!-- facebookLaunchTest -->
</testsuite> <!-- Surefire test -->
