<?xml version="1.0" encoding="UTF-8"?>
<!-- Generated by org.testng.reporters.JUnitXMLReporter -->
<testsuite ignored="3" hostname="DESKTOP-799KKK6" failures="0" tests="3" name="Surefire test" time="10.345" errors="0" timestamp="2025-11-22T19:29:52 IST">
  <testcase classname="com.tests.YoutubeTest" name="youtubeLaunchTest" time="4.502"/>
  <testcase classname="com.tests.FacebookTest" name="facebookLaunchTest" time="4.592"/>
  <testcase classname="com.tests.GoogleTest" name="googleLaunchTest" time="6.11"/>
  <testcase classname="com.tests.FlipkartTest" name="flipkartLaunchTest" time="0.0">
    <ignored/>
  </testcase> <!-- flipkartLaunchTest -->
  <testcase classname="com.tests.AmazonTest" name="amazonLaunchTest" time="0.0">
    <ignored/>
  </testcase> <!-- amazonLaunchTest -->
  <testcase classname="com.tests.MyntraTest" name="myntraLaunchTest" time="0.0">
    <ignored/>
  </testcase> <!-- myntraLaunchTest -->
</testsuite> <!-- Surefire test -->
