<?xml version="1.0" encoding="UTF-8"?>
<!-- Generated by org.testng.reporters.JUnitXMLReporter -->
<testsuite ignored="0" hostname="DESKTOP-799KKK6" failures="0" tests="6" name="Surefire test" time="37.058" errors="0" timestamp="2025-11-23T00:39:00 IST">
  <testcase classname="com.tests.AmazonTest" name="amazonLaunchTest" time="3.601"/>
  <testcase classname="com.tests.FacebookTest" name="facebookLaunchTest" time="2.883"/>
  <testcase classname="com.tests.FlipkartTest" name="flipkartLaunchTest" time="3.411"/>
  <testcase classname="com.tests.GoogleTest" name="googleLaunchTest" time="2.696"/>
  <testcase classname="com.tests.MyntraTest" name="myntraLaunchTest" time="4.472"/>
  <testcase classname="com.tests.YoutubeTest" name="youtubeLaunchTest" time="3.928"/>
</testsuite> <!-- Surefire test -->
