<?xml version="1.0" encoding="UTF-8"?>
<!-- Generated by org.testng.reporters.JUnitXMLReporter -->
<testsuite ignored="0" hostname="DESKTOP-799KKK6" failures="1" tests="9" name="Surefire test" time="48.255" errors="0" timestamp="2025-11-22T23:07:50 IST">
  <testcase classname="com.tests.MyntraTest" name="myntraLaunchTest" time="2.63"/>
  <testcase classname="com.tests.FlipkartTest" name="flipkartLaunchTest" time="2.979"/>
  <testcase classname="com.tests.GoogleTest" name="googleLaunchTest" time="2.545"/>
  <testcase classname="com.tests.FacebookTest" name="facebookLaunchTest" time="5.191"/>
  <testcase classname="com.tests.AmazonTest" name="amazonLaunchTest" time="2.995">
    <skipped/>
  </testcase> <!-- amazonLaunchTest -->
  <testcase classname="com.tests.AmazonTest" name="amazonLaunchTest" time="2.762">
    <skipped/>
  </testcase> <!-- amazonLaunchTest -->
  <testcase classname="com.tests.YoutubeTest" name="youtubeLaunchTest" time="2.279"/>
  <testcase classname="com.tests.AmazonTest" name="amazonLaunchTest" time="3.838">
    <skipped/>
  </testcase> <!-- amazonLaunchTest -->
  <testcase classname="com.tests.AmazonTest" name="amazonLaunchTest" time="2.968">
    <failure type="java.lang.AssertionError" message="expected [true] but found [false]">
      <![CDATA[java.lang.AssertionError: expected [true] but found [false]
at com.tests.AmazonTest.amazonLaunchTest(AmazonTest.java:19)
at java.base/java.util.concurrent.Executors$RunnableAdapter.call(Executors.java:539)
at java.base/java.util.concurrent.FutureTask.run(FutureTask.java:264)
at java.base/java.util.concurrent.ThreadPoolExecutor.runWorker(ThreadPoolExecutor.java:1136)
at java.base/java.util.concurrent.ThreadPoolExecutor$Worker.run(ThreadPoolExecutor.java:635)
at java.base/java.lang.Thread.run(Thread.java:842)
... Removed 17 stack frames]]>
    </failure>
  </testcase> <!-- amazonLaunchTest -->
</testsuite> <!-- Surefire test -->
