<?xml version="1.0" encoding="UTF-8"?>
<!-- Generated by org.testng.reporters.JUnitXMLReporter -->
<testsuite ignored="2" hostname="DESKTOP-799KKK6" failures="0" tests="3" name="Test" time="23.465" errors="0" timestamp="2025-11-22T18:04:03 IST">
  <testcase classname="com.tests.YoutubeTest" name="youtubeLaunchTest" time="5.873"/>
  <testcase classname="com.tests.FacebookTest" name="facebookLaunchTest" time="4.937"/>
  <testcase classname="com.tests.GoogleTest" name="googleLaunchTest" time="5.049"/>
  <testcase classname="com.tests.MyntraTest" name="myntraLaunchTest" time="0.0">
    <ignored/>
  </testcase> <!-- myntraLaunchTest -->
  <testcase classname="com.tests.AmazonTest" name="amazonLaunchTest" time="0.0">
    <ignored/>
  </testcase> <!-- amazonLaunchTest -->
</testsuite> <!-- Test -->
