<?xml version="1.0" encoding="UTF-8"?>
<!-- Generated by org.testng.reporters.JUnitXMLReporter -->
<testsuite ignored="4" hostname="DESKTOP-799KKK6" failures="0" tests="5" name="Test" time="0.045" errors="0" timestamp="2025-11-22T17:22:56 IST">
  <testcase classname="com.genericlibrary.BaseTest" name="@BeforeSuite beforeSuite" time="-1.763812376646E9">
    <failure type="org.testng.TestNGException" message="
Native Injection is NOT supported for @BeforeSuite annotated beforeSuite.
For more information on native dependency injection please refer to https://testng.org/#_dependency_injection">
      <![CDATA[org.testng.TestNGException: 
Native Injection is NOT supported for @BeforeSuite annotated beforeSuite.
For more information on native dependency injection please refer to https://testng.org/#_dependency_injection
... Removed 20 stack frames]]>
    </failure>
  </testcase> <!-- @BeforeSuite beforeSuite -->
  <testcase classname="com.genericlibrary.BaseTest" name="@BeforeClass launchBrowser" time="0.0">
    <skipped/>
  </testcase> <!-- @BeforeClass launchBrowser -->
  <testcase classname="com.genericlibrary.BaseTest" name="@AfterClass tearDown" time="0.0">
    <skipped/>
  </testcase> <!-- @AfterClass tearDown -->
  <testcase classname="com.genericlibrary.BaseTest" name="@BeforeClass launchBrowser" time="0.0">
    <skipped/>
  </testcase> <!-- @BeforeClass launchBrowser -->
  <testcase classname="com.genericlibrary.BaseTest" name="@AfterClass tearDown" time="0.0">
    <skipped/>
  </testcase> <!-- @AfterClass tearDown -->
  <testcase classname="com.genericlibrary.BaseTest" name="@BeforeClass launchBrowser" time="0.0">
    <skipped/>
  </testcase> <!-- @BeforeClass launchBrowser -->
  <testcase classname="com.genericlibrary.BaseTest" name="@AfterClass tearDown" time="0.0">
    <skipped/>
  </testcase> <!-- @AfterClass tearDown -->
  <testcase classname="com.genericlibrary.BaseTest" name="@BeforeClass launchBrowser" time="0.0">
    <skipped/>
  </testcase> <!-- @BeforeClass launchBrowser -->
  <testcase classname="com.genericlibrary.BaseTest" name="@AfterClass tearDown" time="0.0">
    <skipped/>
  </testcase> <!-- @AfterClass tearDown -->
  <testcase classname="com.genericlibrary.BaseTest" name="@BeforeClass launchBrowser" time="0.0">
    <skipped/>
  </testcase> <!-- @BeforeClass launchBrowser -->
  <testcase classname="com.genericlibrary.BaseTest" name="@AfterClass tearDown" time="0.0">
    <skipped/>
  </testcase> <!-- @AfterClass tearDown -->
  <testcase classname="com.tests.YoutubeTest" name="youtubeLaunchTest" time="0.0">
    <skipped/>
  </testcase> <!-- youtubeLaunchTest -->
  <testcase classname="com.tests.AmazonTest" name="amazonLaunchTest" time="0.0">
    <skipped/>
  </testcase> <!-- amazonLaunchTest -->
  <testcase classname="com.tests.FacebookTest" name="facebookLaunchTest" time="0.0">
    <skipped/>
  </testcase> <!-- facebookLaunchTest -->
  <testcase classname="com.tests.MyntraTest" name="myntraLaunchTest" time="0.0">
    <skipped/>
  </testcase> <!-- myntraLaunchTest -->
  <testcase classname="com.tests.GoogleTest" name="googleLaunchTest" time="0.001">
    <skipped/>
  </testcase> <!-- googleLaunchTest -->
  <testcase classname="com.genericlibrary.BaseTest" name="@BeforeSuite beforeSuite" time="0.0">
    <ignored/>
  </testcase> <!-- @BeforeSuite beforeSuite -->
  <testcase classname="com.genericlibrary.BaseTest" name="@BeforeSuite beforeSuite" time="0.0">
    <ignored/>
  </testcase> <!-- @BeforeSuite beforeSuite -->
  <testcase classname="com.genericlibrary.BaseTest" name="@BeforeSuite beforeSuite" time="0.0">
    <ignored/>
  </testcase> <!-- @BeforeSuite beforeSuite -->
  <testcase classname="com.genericlibrary.BaseTest" name="@BeforeSuite beforeSuite" time="0.0">
    <ignored/>
  </testcase> <!-- @BeforeSuite beforeSuite -->
</testsuite> <!-- Test -->
