<?xml version="1.0" encoding="UTF-8"?>
<testng-results ignored="0" total="3" passed="3" failed="0" skipped="0">
  <reporter-output>
  </reporter-output>
  <suite started-at="2025-11-22T20:23:36 IST" name="Surefire suite" finished-at="2025-11-22T20:23:57 IST" duration-ms="21098">
    <groups>
      <group name="ShopRegression">
        <method signature="AmazonTest.amazonLaunchTest()[pri:0, instance:com.tests.AmazonTest@15c43bd9]" name="amazonLaunchTest" class="com.tests.AmazonTest"/>
        <method signature="FlipkartTest.flipkartLaunchTest()[pri:0, instance:com.tests.FlipkartTest@3daa422a]" name="flipkartLaunchTest" class="com.tests.FlipkartTest"/>
        <method signature="MyntraTest.myntraLaunchTest()[pri:0, instance:com.tests.MyntraTest@1cbbffcd]" name="myntraLaunchTest" class="com.tests.MyntraTest"/>
      </group> <!-- ShopRegression -->
      <group name="Regression">
        <method signature="AmazonTest.amazonLaunchTest()[pri:0, instance:com.tests.AmazonTest@15c43bd9]" name="amazonLaunchTest" class="com.tests.AmazonTest"/>
        <method signature="FlipkartTest.flipkartLaunchTest()[pri:0, instance:com.tests.FlipkartTest@3daa422a]" name="flipkartLaunchTest" class="com.tests.FlipkartTest"/>
        <method signature="MyntraTest.myntraLaunchTest()[pri:0, instance:com.tests.MyntraTest@1cbbffcd]" name="myntraLaunchTest" class="com.tests.MyntraTest"/>
      </group> <!-- Regression -->
    </groups>
    <test started-at="2025-11-22T20:23:36 IST" name="Surefire test" finished-at="2025-11-22T20:23:57 IST" duration-ms="21098">
      <class name="com.tests.FlipkartTest">
        <test-method is-config="true" signature="launchBrowser(java.lang.String)[pri:0, instance:com.tests.FlipkartTest@3daa422a]" started-at="2025-11-22T20:23:36 IST" name="launchBrowser" finished-at="2025-11-22T20:23:41 IST" duration-ms="4875" status="PASS">
          <params>
            <param index="0">
              <value>
                <![CDATA[firefox]]>
              </value>
            </param>
          </params>
          <reporter-output>
          </reporter-output>
        </test-method> <!-- launchBrowser -->
        <test-method signature="flipkartLaunchTest()[pri:0, instance:com.tests.FlipkartTest@3daa422a]" started-at="2025-11-22T20:23:41 IST" name="flipkartLaunchTest" finished-at="2025-11-22T20:23:46 IST" duration-ms="4451" status="PASS">
          <reporter-output>
          </reporter-output>
        </test-method> <!-- flipkartLaunchTest -->
        <test-method is-config="true" signature="tearDown()[pri:0, instance:com.tests.FlipkartTest@3daa422a]" started-at="2025-11-22T20:23:46 IST" name="tearDown" finished-at="2025-11-22T20:23:50 IST" duration-ms="3871" status="PASS">
          <reporter-output>
          </reporter-output>
        </test-method> <!-- tearDown -->
      </class> <!-- com.tests.FlipkartTest -->
      <class name="com.tests.AmazonTest">
        <test-method is-config="true" signature="launchBrowser(java.lang.String)[pri:0, instance:com.tests.AmazonTest@15c43bd9]" started-at="2025-11-22T20:23:36 IST" name="launchBrowser" finished-at="2025-11-22T20:23:53 IST" duration-ms="17009" status="PASS">
          <params>
            <param index="0">
              <value>
                <![CDATA[firefox]]>
              </value>
            </param>
          </params>
          <reporter-output>
          </reporter-output>
        </test-method> <!-- launchBrowser -->
        <test-method signature="amazonLaunchTest()[pri:0, instance:com.tests.AmazonTest@15c43bd9]" started-at="2025-11-22T20:23:53 IST" name="amazonLaunchTest" finished-at="2025-11-22T20:23:56 IST" duration-ms="3004" status="PASS">
          <reporter-output>
          </reporter-output>
        </test-method> <!-- amazonLaunchTest -->
        <test-method is-config="true" signature="tearDown()[pri:0, instance:com.tests.AmazonTest@15c43bd9]" started-at="2025-11-22T20:23:56 IST" name="tearDown" finished-at="2025-11-22T20:23:57 IST" duration-ms="1056" status="PASS">
          <reporter-output>
          </reporter-output>
        </test-method> <!-- tearDown -->
      </class> <!-- com.tests.AmazonTest -->
      <class name="com.tests.MyntraTest">
        <test-method is-config="true" signature="launchBrowser(java.lang.String)[pri:0, instance:com.tests.MyntraTest@1cbbffcd]" started-at="2025-11-22T20:23:36 IST" name="launchBrowser" finished-at="2025-11-22T20:23:44 IST" duration-ms="7789" status="PASS">
          <params>
            <param index="0">
              <value>
                <![CDATA[firefox]]>
              </value>
            </param>
          </params>
          <reporter-output>
          </reporter-output>
        </test-method> <!-- launchBrowser -->
        <test-method signature="myntraLaunchTest()[pri:0, instance:com.tests.MyntraTest@1cbbffcd]" started-at="2025-11-22T20:23:44 IST" name="myntraLaunchTest" finished-at="2025-11-22T20:23:50 IST" duration-ms="6027" status="PASS">
          <reporter-output>
          </reporter-output>
        </test-method> <!-- myntraLaunchTest -->
        <test-method is-config="true" signature="tearDown()[pri:0, instance:com.tests.MyntraTest@1cbbffcd]" started-at="2025-11-22T20:23:50 IST" name="tearDown" finished-at="2025-11-22T20:23:52 IST" duration-ms="1982" status="PASS">
          <reporter-output>
          </reporter-output>
        </test-method> <!-- tearDown -->
      </class> <!-- com.tests.MyntraTest -->
    </test> <!-- Surefire test -->
  </suite> <!-- Surefire suite -->
</testng-results>
