<?xml version="1.0" encoding="UTF-8"?>
<testng-results ignored="0" total="6" passed="6" failed="0" skipped="0">
  <reporter-output>
  </reporter-output>
  <suite started-at="2025-11-23T00:38:23 IST" name="Surefire suite" finished-at="2025-11-23T00:39:00 IST" duration-ms="37058">
    <groups>
      <group name="ShopRegression">
        <method signature="AmazonTest.amazonLaunchTest()[pri:0, instance:com.tests.AmazonTest@460d0a57]" name="amazonLaunchTest" class="com.tests.AmazonTest"/>
        <method signature="FlipkartTest.flipkartLaunchTest()[pri:0, instance:com.tests.FlipkartTest@17046283]" name="flipkartLaunchTest" class="com.tests.FlipkartTest"/>
        <method signature="MyntraTest.myntraLaunchTest()[pri:0, instance:com.tests.MyntraTest@29626d54]" name="myntraLaunchTest" class="com.tests.MyntraTest"/>
      </group> <!-- ShopRegression -->
      <group name="Regression">
        <method signature="AmazonTest.amazonLaunchTest()[pri:0, instance:com.tests.AmazonTest@460d0a57]" name="amazonLaunchTest" class="com.tests.AmazonTest"/>
        <method signature="FacebookTest.facebookLaunchTest()[pri:0, instance:com.tests.FacebookTest@70e8f8e]" name="facebookLaunchTest" class="com.tests.FacebookTest"/>
        <method signature="FlipkartTest.flipkartLaunchTest()[pri:0, instance:com.tests.FlipkartTest@17046283]" name="flipkartLaunchTest" class="com.tests.FlipkartTest"/>
        <method signature="GoogleTest.googleLaunchTest()[pri:0, instance:com.tests.GoogleTest@5bd03f44]" name="googleLaunchTest" class="com.tests.GoogleTest"/>
        <method signature="MyntraTest.myntraLaunchTest()[pri:0, instance:com.tests.MyntraTest@29626d54]" name="myntraLaunchTest" class="com.tests.MyntraTest"/>
        <method signature="YoutubeTest.youtubeLaunchTest()[pri:0, instance:com.tests.YoutubeTest@5a63f509]" name="youtubeLaunchTest" class="com.tests.YoutubeTest"/>
      </group> <!-- Regression -->
      <group name="SocialRegression">
        <method signature="FacebookTest.facebookLaunchTest()[pri:0, instance:com.tests.FacebookTest@70e8f8e]" name="facebookLaunchTest" class="com.tests.FacebookTest"/>
        <method signature="GoogleTest.googleLaunchTest()[pri:0, instance:com.tests.GoogleTest@5bd03f44]" name="googleLaunchTest" class="com.tests.GoogleTest"/>
        <method signature="YoutubeTest.youtubeLaunchTest()[pri:0, instance:com.tests.YoutubeTest@5a63f509]" name="youtubeLaunchTest" class="com.tests.YoutubeTest"/>
      </group> <!-- SocialRegression -->
    </groups>
    <test started-at="2025-11-23T00:38:23 IST" name="Surefire test" finished-at="2025-11-23T00:39:00 IST" duration-ms="37058">
      <class name="com.tests.FlipkartTest">
        <test-method is-config="true" signature="launchBrowser(java.lang.String)[pri:0, instance:com.tests.FlipkartTest@17046283]" started-at="2025-11-23T00:38:35 IST" name="launchBrowser" finished-at="2025-11-23T00:38:37 IST" duration-ms="2144" status="PASS">
          <params>
            <param index="0">
              <value>
                <![CDATA[chrome]]>
              </value>
            </param>
          </params>
          <reporter-output>
          </reporter-output>
        </test-method> <!-- launchBrowser -->
        <test-method signature="flipkartLaunchTest()[pri:0, instance:com.tests.FlipkartTest@17046283]" started-at="2025-11-23T00:38:37 IST" name="flipkartLaunchTest" finished-at="2025-11-23T00:38:41 IST" duration-ms="3411" status="PASS">
          <reporter-output>
          </reporter-output>
        </test-method> <!-- flipkartLaunchTest -->
        <test-method is-config="true" signature="tearDown()[pri:0, instance:com.tests.FlipkartTest@17046283]" started-at="2025-11-23T00:38:41 IST" name="tearDown" finished-at="2025-11-23T00:38:41 IST" duration-ms="211" status="PASS">
          <reporter-output>
          </reporter-output>
        </test-method> <!-- tearDown -->
      </class> <!-- com.tests.FlipkartTest -->
      <class name="com.tests.FacebookTest">
        <test-method is-config="true" signature="launchBrowser(java.lang.String)[pri:0, instance:com.tests.FacebookTest@70e8f8e]" started-at="2025-11-23T00:38:30 IST" name="launchBrowser" finished-at="2025-11-23T00:38:32 IST" duration-ms="2090" status="PASS">
          <params>
            <param index="0">
              <value>
                <![CDATA[chrome]]>
              </value>
            </param>
          </params>
          <reporter-output>
          </reporter-output>
        </test-method> <!-- launchBrowser -->
        <test-method signature="facebookLaunchTest()[pri:0, instance:com.tests.FacebookTest@70e8f8e]" started-at="2025-11-23T00:38:32 IST" name="facebookLaunchTest" finished-at="2025-11-23T00:38:35 IST" duration-ms="2883" status="PASS">
          <reporter-output>
          </reporter-output>
        </test-method> <!-- facebookLaunchTest -->
        <test-method is-config="true" signature="tearDown()[pri:0, instance:com.tests.FacebookTest@70e8f8e]" started-at="2025-11-23T00:38:35 IST" name="tearDown" finished-at="2025-11-23T00:38:35 IST" duration-ms="173" status="PASS">
          <reporter-output>
          </reporter-output>
        </test-method> <!-- tearDown -->
      </class> <!-- com.tests.FacebookTest -->
      <class name="com.tests.AmazonTest">
        <test-method is-config="true" signature="launchBrowser(java.lang.String)[pri:0, instance:com.tests.AmazonTest@460d0a57]" started-at="2025-11-23T00:38:23 IST" name="launchBrowser" finished-at="2025-11-23T00:38:26 IST" duration-ms="2504" status="PASS">
          <params>
            <param index="0">
              <value>
                <![CDATA[chrome]]>
              </value>
            </param>
          </params>
          <reporter-output>
          </reporter-output>
        </test-method> <!-- launchBrowser -->
        <test-method signature="amazonLaunchTest()[pri:0, instance:com.tests.AmazonTest@460d0a57]" started-at="2025-11-23T00:38:26 IST" name="amazonLaunchTest" finished-at="2025-11-23T00:38:30 IST" duration-ms="3601" status="PASS">
          <reporter-output>
          </reporter-output>
        </test-method> <!-- amazonLaunchTest -->
        <test-method is-config="true" signature="tearDown()[pri:0, instance:com.tests.AmazonTest@460d0a57]" started-at="2025-11-23T00:38:30 IST" name="tearDown" finished-at="2025-11-23T00:38:30 IST" duration-ms="206" status="PASS">
          <reporter-output>
          </reporter-output>
        </test-method> <!-- tearDown -->
      </class> <!-- com.tests.AmazonTest -->
      <class name="com.tests.YoutubeTest">
        <test-method is-config="true" signature="launchBrowser(java.lang.String)[pri:0, instance:com.tests.YoutubeTest@5a63f509]" started-at="2025-11-23T00:38:54 IST" name="launchBrowser" finished-at="2025-11-23T00:38:56 IST" duration-ms="2100" status="PASS">
          <params>
            <param index="0">
              <value>
                <![CDATA[chrome]]>
              </value>
            </param>
          </params>
          <reporter-output>
          </reporter-output>
        </test-method> <!-- launchBrowser -->
        <test-method signature="youtubeLaunchTest()[pri:0, instance:com.tests.YoutubeTest@5a63f509]" started-at="2025-11-23T00:38:56 IST" name="youtubeLaunchTest" finished-at="2025-11-23T00:39:00 IST" duration-ms="3928" status="PASS">
          <reporter-output>
          </reporter-output>
        </test-method> <!-- youtubeLaunchTest -->
        <test-method is-config="true" signature="tearDown()[pri:0, instance:com.tests.YoutubeTest@5a63f509]" started-at="2025-11-23T00:39:00 IST" name="tearDown" finished-at="2025-11-23T00:39:00 IST" duration-ms="302" status="PASS">
          <reporter-output>
          </reporter-output>
        </test-method> <!-- tearDown -->
      </class> <!-- com.tests.YoutubeTest -->
      <class name="com.tests.MyntraTest">
        <test-method is-config="true" signature="launchBrowser(java.lang.String)[pri:0, instance:com.tests.MyntraTest@29626d54]" started-at="2025-11-23T00:38:47 IST" name="launchBrowser" finished-at="2025-11-23T00:38:49 IST" duration-ms="2128" status="PASS">
          <params>
            <param index="0">
              <value>
                <![CDATA[chrome]]>
              </value>
            </param>
          </params>
          <reporter-output>
          </reporter-output>
        </test-method> <!-- launchBrowser -->
        <test-method signature="myntraLaunchTest()[pri:0, instance:com.tests.MyntraTest@29626d54]" started-at="2025-11-23T00:38:49 IST" name="myntraLaunchTest" finished-at="2025-11-23T00:38:53 IST" duration-ms="4472" status="PASS">
          <reporter-output>
          </reporter-output>
        </test-method> <!-- myntraLaunchTest -->
        <test-method is-config="true" signature="tearDown()[pri:0, instance:com.tests.MyntraTest@29626d54]" started-at="2025-11-23T00:38:54 IST" name="tearDown" finished-at="2025-11-23T00:38:54 IST" duration-ms="253" status="PASS">
          <reporter-output>
          </reporter-output>
        </test-method> <!-- tearDown -->
      </class> <!-- com.tests.MyntraTest -->
      <class name="com.tests.GoogleTest">
        <test-method is-config="true" signature="launchBrowser(java.lang.String)[pri:0, instance:com.tests.GoogleTest@5bd03f44]" started-at="2025-11-23T00:38:41 IST" name="launchBrowser" finished-at="2025-11-23T00:38:44 IST" duration-ms="2174" status="PASS">
          <params>
            <param index="0">
              <value>
                <![CDATA[chrome]]>
              </value>
            </param>
          </params>
          <reporter-output>
          </reporter-output>
        </test-method> <!-- launchBrowser -->
        <test-method signature="googleLaunchTest()[pri:0, instance:com.tests.GoogleTest@5bd03f44]" started-at="2025-11-23T00:38:44 IST" name="googleLaunchTest" finished-at="2025-11-23T00:38:46 IST" duration-ms="2696" status="PASS">
          <reporter-output>
          </reporter-output>
        </test-method> <!-- googleLaunchTest -->
        <test-method is-config="true" signature="tearDown()[pri:0, instance:com.tests.GoogleTest@5bd03f44]" started-at="2025-11-23T00:38:46 IST" name="tearDown" finished-at="2025-11-23T00:38:47 IST" duration-ms="182" status="PASS">
          <reporter-output>
          </reporter-output>
        </test-method> <!-- tearDown -->
      </class> <!-- com.tests.GoogleTest -->
    </test> <!-- Surefire test -->
  </suite> <!-- Surefire suite -->
</testng-results>
