<?xml version="1.0" encoding="UTF-8"?>
<testng-results ignored="0" total="6" passed="6" failed="0" skipped="0">
  <reporter-output>
  </reporter-output>
  <suite started-at="2025-11-22T18:36:05 IST" name="Surefire suite" finished-at="2025-11-22T18:36:28 IST" duration-ms="22544">
    <groups>
      <group name="ShopRegression">
        <method signature="AmazonTest.amazonLaunchTest()[pri:0, instance:com.tests.AmazonTest@cd3fee8]" name="amazonLaunchTest" class="com.tests.AmazonTest"/>
        <method signature="FlipkartTest.flipkartLaunchTest()[pri:0, instance:com.tests.FlipkartTest@72a7c7e0]" name="flipkartLaunchTest" class="com.tests.FlipkartTest"/>
        <method signature="MyntraTest.myntraLaunchTest()[pri:0, instance:com.tests.MyntraTest@70e8f8e]" name="myntraLaunchTest" class="com.tests.MyntraTest"/>
      </group> <!-- ShopRegression -->
      <group name="Regression">
        <method signature="AmazonTest.amazonLaunchTest()[pri:0, instance:com.tests.AmazonTest@cd3fee8]" name="amazonLaunchTest" class="com.tests.AmazonTest"/>
        <method signature="FacebookTest.facebookLaunchTest()[pri:0, instance:com.tests.FacebookTest@1622f1b]" name="facebookLaunchTest" class="com.tests.FacebookTest"/>
        <method signature="FlipkartTest.flipkartLaunchTest()[pri:0, instance:com.tests.FlipkartTest@72a7c7e0]" name="flipkartLaunchTest" class="com.tests.FlipkartTest"/>
        <method signature="GoogleTest.googleLaunchTest()[pri:0, instance:com.tests.GoogleTest@2e4b8173]" name="googleLaunchTest" class="com.tests.GoogleTest"/>
        <method signature="MyntraTest.myntraLaunchTest()[pri:0, instance:com.tests.MyntraTest@70e8f8e]" name="myntraLaunchTest" class="com.tests.MyntraTest"/>
        <method signature="YoutubeTest.youtubeLaunchTest()[pri:0, instance:com.tests.YoutubeTest@17046283]" name="youtubeLaunchTest" class="com.tests.YoutubeTest"/>
      </group> <!-- Regression -->
      <group name="SocialRegression">
        <method signature="FacebookTest.facebookLaunchTest()[pri:0, instance:com.tests.FacebookTest@1622f1b]" name="facebookLaunchTest" class="com.tests.FacebookTest"/>
        <method signature="GoogleTest.googleLaunchTest()[pri:0, instance:com.tests.GoogleTest@2e4b8173]" name="googleLaunchTest" class="com.tests.GoogleTest"/>
        <method signature="YoutubeTest.youtubeLaunchTest()[pri:0, instance:com.tests.YoutubeTest@17046283]" name="youtubeLaunchTest" class="com.tests.YoutubeTest"/>
      </group> <!-- SocialRegression -->
    </groups>
    <test started-at="2025-11-22T18:36:05 IST" name="Surefire test" finished-at="2025-11-22T18:36:28 IST" duration-ms="22544">
      <class name="com.tests.FlipkartTest">
        <test-method is-config="true" signature="launchBrowser(java.lang.String)[pri:0, instance:com.tests.FlipkartTest@72a7c7e0]" started-at="2025-11-22T18:36:05 IST" name="launchBrowser" finished-at="2025-11-22T18:36:09 IST" duration-ms="3734" status="PASS">
          <params>
            <param index="0">
              <value>
                <![CDATA[chrome]]>
              </value>
            </param>
          </params>
          <reporter-output>
          </reporter-output>
        </test-method> <!-- launchBrowser -->
        <test-method signature="flipkartLaunchTest()[pri:0, instance:com.tests.FlipkartTest@72a7c7e0]" started-at="2025-11-22T18:36:09 IST" name="flipkartLaunchTest" finished-at="2025-11-22T18:36:15 IST" duration-ms="6444" status="PASS">
          <reporter-output>
          </reporter-output>
        </test-method> <!-- flipkartLaunchTest -->
        <test-method is-config="true" signature="tearDown()[pri:0, instance:com.tests.FlipkartTest@72a7c7e0]" started-at="2025-11-22T18:36:15 IST" name="tearDown" finished-at="2025-11-22T18:36:16 IST" duration-ms="314" status="PASS">
          <reporter-output>
          </reporter-output>
        </test-method> <!-- tearDown -->
      </class> <!-- com.tests.FlipkartTest -->
      <class name="com.tests.FacebookTest">
        <test-method is-config="true" signature="launchBrowser(java.lang.String)[pri:0, instance:com.tests.FacebookTest@1622f1b]" started-at="2025-11-22T18:36:05 IST" name="launchBrowser" finished-at="2025-11-22T18:36:09 IST" duration-ms="4211" status="PASS">
          <params>
            <param index="0">
              <value>
                <![CDATA[chrome]]>
              </value>
            </param>
          </params>
          <reporter-output>
          </reporter-output>
        </test-method> <!-- launchBrowser -->
        <test-method signature="facebookLaunchTest()[pri:0, instance:com.tests.FacebookTest@1622f1b]" started-at="2025-11-22T18:36:09 IST" name="facebookLaunchTest" finished-at="2025-11-22T18:36:14 IST" duration-ms="4513" status="PASS">
          <reporter-output>
          </reporter-output>
        </test-method> <!-- facebookLaunchTest -->
        <test-method is-config="true" signature="tearDown()[pri:0, instance:com.tests.FacebookTest@1622f1b]" started-at="2025-11-22T18:36:14 IST" name="tearDown" finished-at="2025-11-22T18:36:14 IST" duration-ms="335" status="PASS">
          <reporter-output>
          </reporter-output>
        </test-method> <!-- tearDown -->
      </class> <!-- com.tests.FacebookTest -->
      <class name="com.tests.AmazonTest">
        <test-method is-config="true" signature="launchBrowser(java.lang.String)[pri:0, instance:com.tests.AmazonTest@cd3fee8]" started-at="2025-11-22T18:36:05 IST" name="launchBrowser" finished-at="2025-11-22T18:36:09 IST" duration-ms="3950" status="PASS">
          <params>
            <param index="0">
              <value>
                <![CDATA[chrome]]>
              </value>
            </param>
          </params>
          <reporter-output>
          </reporter-output>
        </test-method> <!-- launchBrowser -->
        <test-method signature="amazonLaunchTest()[pri:0, instance:com.tests.AmazonTest@cd3fee8]" started-at="2025-11-22T18:36:09 IST" name="amazonLaunchTest" finished-at="2025-11-22T18:36:15 IST" duration-ms="5672" status="PASS">
          <reporter-output>
          </reporter-output>
        </test-method> <!-- amazonLaunchTest -->
        <test-method is-config="true" signature="tearDown()[pri:0, instance:com.tests.AmazonTest@cd3fee8]" started-at="2025-11-22T18:36:15 IST" name="tearDown" finished-at="2025-11-22T18:36:15 IST" duration-ms="183" status="PASS">
          <reporter-output>
          </reporter-output>
        </test-method> <!-- tearDown -->
      </class> <!-- com.tests.AmazonTest -->
      <class name="com.tests.YoutubeTest">
        <test-method is-config="true" signature="launchBrowser(java.lang.String)[pri:0, instance:com.tests.YoutubeTest@17046283]" started-at="2025-11-22T18:36:16 IST" name="launchBrowser" finished-at="2025-11-22T18:36:20 IST" duration-ms="3776" status="PASS">
          <params>
            <param index="0">
              <value>
                <![CDATA[chrome]]>
              </value>
            </param>
          </params>
          <reporter-output>
          </reporter-output>
        </test-method> <!-- launchBrowser -->
        <test-method signature="youtubeLaunchTest()[pri:0, instance:com.tests.YoutubeTest@17046283]" started-at="2025-11-22T18:36:20 IST" name="youtubeLaunchTest" finished-at="2025-11-22T18:36:28 IST" duration-ms="7975" status="PASS">
          <reporter-output>
          </reporter-output>
        </test-method> <!-- youtubeLaunchTest -->
        <test-method is-config="true" signature="tearDown()[pri:0, instance:com.tests.YoutubeTest@17046283]" started-at="2025-11-22T18:36:28 IST" name="tearDown" finished-at="2025-11-22T18:36:28 IST" duration-ms="259" status="PASS">
          <reporter-output>
          </reporter-output>
        </test-method> <!-- tearDown -->
      </class> <!-- com.tests.YoutubeTest -->
      <class name="com.tests.MyntraTest">
        <test-method is-config="true" signature="launchBrowser(java.lang.String)[pri:0, instance:com.tests.MyntraTest@70e8f8e]" started-at="2025-11-22T18:36:15 IST" name="launchBrowser" finished-at="2025-11-22T18:36:19 IST" duration-ms="3494" status="PASS">
          <params>
            <param index="0">
              <value>
                <![CDATA[chrome]]>
              </value>
            </param>
          </params>
          <reporter-output>
          </reporter-output>
        </test-method> <!-- launchBrowser -->
        <test-method signature="myntraLaunchTest()[pri:0, instance:com.tests.MyntraTest@70e8f8e]" started-at="2025-11-22T18:36:19 IST" name="myntraLaunchTest" finished-at="2025-11-22T18:36:23 IST" duration-ms="4267" status="PASS">
          <reporter-output>
          </reporter-output>
        </test-method> <!-- myntraLaunchTest -->
        <test-method is-config="true" signature="tearDown()[pri:0, instance:com.tests.MyntraTest@70e8f8e]" started-at="2025-11-22T18:36:23 IST" name="tearDown" finished-at="2025-11-22T18:36:23 IST" duration-ms="269" status="PASS">
          <reporter-output>
          </reporter-output>
        </test-method> <!-- tearDown -->
      </class> <!-- com.tests.MyntraTest -->
      <class name="com.tests.GoogleTest">
        <test-method is-config="true" signature="launchBrowser(java.lang.String)[pri:0, instance:com.tests.GoogleTest@2e4b8173]" started-at="2025-11-22T18:36:14 IST" name="launchBrowser" finished-at="2025-11-22T18:36:18 IST" duration-ms="3678" status="PASS">
          <params>
            <param index="0">
              <value>
                <![CDATA[chrome]]>
              </value>
            </param>
          </params>
          <reporter-output>
          </reporter-output>
        </test-method> <!-- launchBrowser -->
        <test-method signature="googleLaunchTest()[pri:0, instance:com.tests.GoogleTest@2e4b8173]" started-at="2025-11-22T18:36:18 IST" name="googleLaunchTest" finished-at="2025-11-22T18:36:23 IST" duration-ms="4527" status="PASS">
          <reporter-output>
          </reporter-output>
        </test-method> <!-- googleLaunchTest -->
        <test-method is-config="true" signature="tearDown()[pri:0, instance:com.tests.GoogleTest@2e4b8173]" started-at="2025-11-22T18:36:23 IST" name="tearDown" finished-at="2025-11-22T18:36:23 IST" duration-ms="214" status="PASS">
          <reporter-output>
          </reporter-output>
        </test-method> <!-- tearDown -->
      </class> <!-- com.tests.GoogleTest -->
    </test> <!-- Surefire test -->
  </suite> <!-- Surefire suite -->
</testng-results>
