<?xml version="1.0" encoding="UTF-8"?>
<testng-results retried="3" ignored="3" total="12" passed="5" failed="1" skipped="0">
  <reporter-output>
  </reporter-output>
  <suite started-at="2025-11-22T23:07:02 IST" name="Surefire suite" finished-at="2025-11-22T23:07:50 IST" duration-ms="48255">
    <groups>
      <group name="ShopRegression">
        <method signature="AmazonTest.amazonLaunchTest()[pri:0, instance:com.tests.AmazonTest@149e0f5d]" name="amazonLaunchTest" class="com.tests.AmazonTest"/>
        <method signature="FlipkartTest.flipkartLaunchTest()[pri:0, instance:com.tests.FlipkartTest@6e4784bc]" name="flipkartLaunchTest" class="com.tests.FlipkartTest"/>
        <method signature="MyntraTest.myntraLaunchTest()[pri:0, instance:com.tests.MyntraTest@e056f20]" name="myntraLaunchTest" class="com.tests.MyntraTest"/>
      </group> <!-- ShopRegression -->
      <group name="Regression">
        <method signature="AmazonTest.amazonLaunchTest()[pri:0, instance:com.tests.AmazonTest@149e0f5d]" name="amazonLaunchTest" class="com.tests.AmazonTest"/>
        <method signature="FacebookTest.facebookLaunchTest()[pri:0, instance:com.tests.FacebookTest@5a63f509]" name="facebookLaunchTest" class="com.tests.FacebookTest"/>
        <method signature="FlipkartTest.flipkartLaunchTest()[pri:0, instance:com.tests.FlipkartTest@6e4784bc]" name="flipkartLaunchTest" class="com.tests.FlipkartTest"/>
        <method signature="GoogleTest.googleLaunchTest()[pri:0, instance:com.tests.GoogleTest@34b7ac2f]" name="googleLaunchTest" class="com.tests.GoogleTest"/>
        <method signature="MyntraTest.myntraLaunchTest()[pri:0, instance:com.tests.MyntraTest@e056f20]" name="myntraLaunchTest" class="com.tests.MyntraTest"/>
        <method signature="YoutubeTest.youtubeLaunchTest()[pri:0, instance:com.tests.YoutubeTest@4b0b0854]" name="youtubeLaunchTest" class="com.tests.YoutubeTest"/>
      </group> <!-- Regression -->
      <group name="SocialRegression">
        <method signature="FacebookTest.facebookLaunchTest()[pri:0, instance:com.tests.FacebookTest@5a63f509]" name="facebookLaunchTest" class="com.tests.FacebookTest"/>
        <method signature="GoogleTest.googleLaunchTest()[pri:0, instance:com.tests.GoogleTest@34b7ac2f]" name="googleLaunchTest" class="com.tests.GoogleTest"/>
        <method signature="YoutubeTest.youtubeLaunchTest()[pri:0, instance:com.tests.YoutubeTest@4b0b0854]" name="youtubeLaunchTest" class="com.tests.YoutubeTest"/>
      </group> <!-- SocialRegression -->
    </groups>
    <test started-at="2025-11-22T23:07:02 IST" name="Surefire test" finished-at="2025-11-22T23:07:50 IST" duration-ms="48255">
      <class name="com.tests.FlipkartTest">
        <test-method is-config="true" signature="launchBrowser(java.lang.String)[pri:0, instance:com.tests.FlipkartTest@6e4784bc]" started-at="2025-11-22T23:07:02 IST" name="launchBrowser" finished-at="2025-11-22T23:07:10 IST" duration-ms="8515" status="PASS">
          <params>
            <param index="0">
              <value>
                <![CDATA[chrome]]>
              </value>
            </param>
          </params>
          <reporter-output>
          </reporter-output>
        </test-method> <!-- launchBrowser -->
        <test-method signature="flipkartLaunchTest()[pri:0, instance:com.tests.FlipkartTest@6e4784bc]" started-at="2025-11-22T23:07:10 IST" name="flipkartLaunchTest" finished-at="2025-11-22T23:07:13 IST" duration-ms="2979" status="PASS">
          <reporter-output>
          </reporter-output>
        </test-method> <!-- flipkartLaunchTest -->
        <test-method is-config="true" signature="tearDown()[pri:0, instance:com.tests.FlipkartTest@6e4784bc]" started-at="2025-11-22T23:07:19 IST" name="tearDown" finished-at="2025-11-22T23:07:20 IST" duration-ms="1420" status="PASS">
          <reporter-output>
          </reporter-output>
        </test-method> <!-- tearDown -->
      </class> <!-- com.tests.FlipkartTest -->
      <class name="com.tests.FacebookTest">
        <test-method is-config="true" signature="launchBrowser(java.lang.String)[pri:0, instance:com.tests.FacebookTest@5a63f509]" started-at="2025-11-22T23:07:02 IST" name="launchBrowser" finished-at="2025-11-22T23:07:10 IST" duration-ms="8292" status="PASS">
          <params>
            <param index="0">
              <value>
                <![CDATA[chrome]]>
              </value>
            </param>
          </params>
          <reporter-output>
          </reporter-output>
        </test-method> <!-- launchBrowser -->
        <test-method signature="facebookLaunchTest()[pri:0, instance:com.tests.FacebookTest@5a63f509]" started-at="2025-11-22T23:07:10 IST" name="facebookLaunchTest" finished-at="2025-11-22T23:07:15 IST" duration-ms="5191" status="PASS">
          <reporter-output>
          </reporter-output>
        </test-method> <!-- facebookLaunchTest -->
        <test-method is-config="true" signature="tearDown()[pri:0, instance:com.tests.FacebookTest@5a63f509]" started-at="2025-11-22T23:07:16 IST" name="tearDown" finished-at="2025-11-22T23:07:20 IST" duration-ms="3935" status="PASS">
          <reporter-output>
          </reporter-output>
        </test-method> <!-- tearDown -->
      </class> <!-- com.tests.FacebookTest -->
      <class name="com.tests.AmazonTest">
        <test-method is-config="true" signature="launchBrowser(java.lang.String)[pri:0, instance:com.tests.AmazonTest@149e0f5d]" started-at="2025-11-22T23:07:02 IST" name="launchBrowser" finished-at="2025-11-22T23:07:16 IST" duration-ms="13597" status="PASS">
          <params>
            <param index="0">
              <value>
                <![CDATA[chrome]]>
              </value>
            </param>
          </params>
          <reporter-output>
          </reporter-output>
        </test-method> <!-- launchBrowser -->
        <test-method retried="true" signature="amazonLaunchTest()[pri:0, instance:com.tests.AmazonTest@149e0f5d]" started-at="2025-11-22T23:07:16 IST" name="amazonLaunchTest" finished-at="2025-11-22T23:07:19 IST" duration-ms="2995" status="SKIP">
          <exception class="java.lang.AssertionError">
            <message>
              <![CDATA[expected [true] but found [false]]]>
            </message>
            <full-stacktrace>
              <![CDATA[java.lang.AssertionError: expected [true] but found [false]
at org.testng.Assert.fail(Assert.java:111)
at org.testng.Assert.failNotEquals(Assert.java:1578)
at org.testng.Assert.assertTrue(Assert.java:57)
at org.testng.Assert.assertTrue(Assert.java:67)
at com.tests.AmazonTest.amazonLaunchTest(AmazonTest.java:19)
at java.base/jdk.internal.reflect.NativeMethodAccessorImpl.invoke0(Native Method)
at java.base/jdk.internal.reflect.NativeMethodAccessorImpl.invoke(NativeMethodAccessorImpl.java:77)
at java.base/jdk.internal.reflect.DelegatingMethodAccessorImpl.invoke(DelegatingMethodAccessorImpl.java:43)
at java.base/java.lang.reflect.Method.invoke(Method.java:568)
at org.testng.internal.invokers.MethodInvocationHelper.invokeMethod(MethodInvocationHelper.java:141)
at org.testng.internal.invokers.TestInvoker.invokeMethod(TestInvoker.java:686)
at org.testng.internal.invokers.TestInvoker.invokeTestMethod(TestInvoker.java:230)
at org.testng.internal.invokers.MethodRunner.runInSequence(MethodRunner.java:63)
at org.testng.internal.invokers.TestInvoker$MethodInvocationAgent.invoke(TestInvoker.java:992)
at org.testng.internal.invokers.TestInvoker.invokeTestMethods(TestInvoker.java:203)
at org.testng.internal.invokers.TestMethodWorker.invokeTestMethods(TestMethodWorker.java:154)
at org.testng.internal.invokers.TestMethodWorker.run(TestMethodWorker.java:134)
at java.base/java.util.concurrent.Executors$RunnableAdapter.call(Executors.java:539)
at java.base/java.util.concurrent.FutureTask.run(FutureTask.java:264)
at org.testng.internal.thread.graph.TestNGFutureTask.run(TestNGFutureTask.java:22)
at java.base/java.util.concurrent.ThreadPoolExecutor.runWorker(ThreadPoolExecutor.java:1136)
at java.base/java.util.concurrent.ThreadPoolExecutor$Worker.run(ThreadPoolExecutor.java:635)
at java.base/java.lang.Thread.run(Thread.java:842)
]]>
            </full-stacktrace>
          </exception> <!-- java.lang.AssertionError -->
          <reporter-output>
          </reporter-output>
        </test-method> <!-- amazonLaunchTest -->
        <test-method is-config="true" signature="tearDown()[pri:0, instance:com.tests.AmazonTest@149e0f5d]" started-at="2025-11-22T23:07:19 IST" name="tearDown" finished-at="2025-11-22T23:07:20 IST" duration-ms="1405" status="PASS">
          <reporter-output>
          </reporter-output>
        </test-method> <!-- tearDown -->
        <test-method is-config="true" signature="launchBrowser(java.lang.String)[pri:0, instance:com.tests.AmazonTest@149e0f5d]" started-at="2025-11-22T23:07:20 IST" name="launchBrowser" finished-at="2025-11-22T23:07:26 IST" duration-ms="6396" status="PASS">
          <params>
            <param index="0">
              <value>
                <![CDATA[chrome]]>
              </value>
            </param>
          </params>
          <reporter-output>
          </reporter-output>
        </test-method> <!-- launchBrowser -->
        <test-method retried="true" signature="amazonLaunchTest()[pri:0, instance:com.tests.AmazonTest@149e0f5d]" started-at="2025-11-22T23:07:26 IST" name="amazonLaunchTest" finished-at="2025-11-22T23:07:29 IST" duration-ms="2762" status="SKIP">
          <exception class="java.lang.AssertionError">
            <message>
              <![CDATA[expected [true] but found [false]]]>
            </message>
            <full-stacktrace>
              <![CDATA[java.lang.AssertionError: expected [true] but found [false]
at org.testng.Assert.fail(Assert.java:111)
at org.testng.Assert.failNotEquals(Assert.java:1578)
at org.testng.Assert.assertTrue(Assert.java:57)
at org.testng.Assert.assertTrue(Assert.java:67)
at com.tests.AmazonTest.amazonLaunchTest(AmazonTest.java:19)
at java.base/jdk.internal.reflect.NativeMethodAccessorImpl.invoke0(Native Method)
at java.base/jdk.internal.reflect.NativeMethodAccessorImpl.invoke(NativeMethodAccessorImpl.java:77)
at java.base/jdk.internal.reflect.DelegatingMethodAccessorImpl.invoke(DelegatingMethodAccessorImpl.java:43)
at java.base/java.lang.reflect.Method.invoke(Method.java:568)
at org.testng.internal.invokers.MethodInvocationHelper.invokeMethod(MethodInvocationHelper.java:141)
at org.testng.internal.invokers.TestInvoker.invokeMethod(TestInvoker.java:686)
at org.testng.internal.invokers.TestInvoker.retryFailed(TestInvoker.java:269)
at org.testng.internal.invokers.MethodRunner.runInSequence(MethodRunner.java:76)
at org.testng.internal.invokers.TestInvoker$MethodInvocationAgent.invoke(TestInvoker.java:992)
at org.testng.internal.invokers.TestInvoker.invokeTestMethods(TestInvoker.java:203)
at org.testng.internal.invokers.TestMethodWorker.invokeTestMethods(TestMethodWorker.java:154)
at org.testng.internal.invokers.TestMethodWorker.run(TestMethodWorker.java:134)
at java.base/java.util.concurrent.Executors$RunnableAdapter.call(Executors.java:539)
at java.base/java.util.concurrent.FutureTask.run(FutureTask.java:264)
at org.testng.internal.thread.graph.TestNGFutureTask.run(TestNGFutureTask.java:22)
at java.base/java.util.concurrent.ThreadPoolExecutor.runWorker(ThreadPoolExecutor.java:1136)
at java.base/java.util.concurrent.ThreadPoolExecutor$Worker.run(ThreadPoolExecutor.java:635)
at java.base/java.lang.Thread.run(Thread.java:842)
]]>
            </full-stacktrace>
          </exception> <!-- java.lang.AssertionError -->
          <reporter-output>
          </reporter-output>
        </test-method> <!-- amazonLaunchTest -->
        <test-method is-config="true" signature="tearDown()[pri:0, instance:com.tests.AmazonTest@149e0f5d]" started-at="2025-11-22T23:07:29 IST" name="tearDown" finished-at="2025-11-22T23:07:31 IST" duration-ms="2132" status="PASS">
          <reporter-output>
          </reporter-output>
        </test-method> <!-- tearDown -->
        <test-method is-config="true" signature="launchBrowser(java.lang.String)[pri:0, instance:com.tests.AmazonTest@149e0f5d]" started-at="2025-11-22T23:07:31 IST" name="launchBrowser" finished-at="2025-11-22T23:07:37 IST" duration-ms="5808" status="PASS">
          <params>
            <param index="0">
              <value>
                <![CDATA[chrome]]>
              </value>
            </param>
          </params>
          <reporter-output>
          </reporter-output>
        </test-method> <!-- launchBrowser -->
        <test-method retried="true" signature="amazonLaunchTest()[pri:0, instance:com.tests.AmazonTest@149e0f5d]" started-at="2025-11-22T23:07:37 IST" name="amazonLaunchTest" finished-at="2025-11-22T23:07:41 IST" duration-ms="3838" status="SKIP">
          <exception class="java.lang.AssertionError">
            <message>
              <![CDATA[expected [true] but found [false]]]>
            </message>
            <full-stacktrace>
              <![CDATA[java.lang.AssertionError: expected [true] but found [false]
at org.testng.Assert.fail(Assert.java:111)
at org.testng.Assert.failNotEquals(Assert.java:1578)
at org.testng.Assert.assertTrue(Assert.java:57)
at org.testng.Assert.assertTrue(Assert.java:67)
at com.tests.AmazonTest.amazonLaunchTest(AmazonTest.java:19)
at java.base/jdk.internal.reflect.NativeMethodAccessorImpl.invoke0(Native Method)
at java.base/jdk.internal.reflect.NativeMethodAccessorImpl.invoke(NativeMethodAccessorImpl.java:77)
at java.base/jdk.internal.reflect.DelegatingMethodAccessorImpl.invoke(DelegatingMethodAccessorImpl.java:43)
at java.base/java.lang.reflect.Method.invoke(Method.java:568)
at org.testng.internal.invokers.MethodInvocationHelper.invokeMethod(MethodInvocationHelper.java:141)
at org.testng.internal.invokers.TestInvoker.invokeMethod(TestInvoker.java:686)
at org.testng.internal.invokers.TestInvoker.retryFailed(TestInvoker.java:269)
at org.testng.internal.invokers.MethodRunner.runInSequence(MethodRunner.java:76)
at org.testng.internal.invokers.TestInvoker$MethodInvocationAgent.invoke(TestInvoker.java:992)
at org.testng.internal.invokers.TestInvoker.invokeTestMethods(TestInvoker.java:203)
at org.testng.internal.invokers.TestMethodWorker.invokeTestMethods(TestMethodWorker.java:154)
at org.testng.internal.invokers.TestMethodWorker.run(TestMethodWorker.java:134)
at java.base/java.util.concurrent.Executors$RunnableAdapter.call(Executors.java:539)
at java.base/java.util.concurrent.FutureTask.run(FutureTask.java:264)
at org.testng.internal.thread.graph.TestNGFutureTask.run(TestNGFutureTask.java:22)
at java.base/java.util.concurrent.ThreadPoolExecutor.runWorker(ThreadPoolExecutor.java:1136)
at java.base/java.util.concurrent.ThreadPoolExecutor$Worker.run(ThreadPoolExecutor.java:635)
at java.base/java.lang.Thread.run(Thread.java:842)
]]>
            </full-stacktrace>
          </exception> <!-- java.lang.AssertionError -->
          <reporter-output>
          </reporter-output>
        </test-method> <!-- amazonLaunchTest -->
        <test-method is-config="true" signature="tearDown()[pri:0, instance:com.tests.AmazonTest@149e0f5d]" started-at="2025-11-22T23:07:41 IST" name="tearDown" finished-at="2025-11-22T23:07:41 IST" duration-ms="301" status="PASS">
          <reporter-output>
          </reporter-output>
        </test-method> <!-- tearDown -->
        <test-method is-config="true" signature="launchBrowser(java.lang.String)[pri:0, instance:com.tests.AmazonTest@149e0f5d]" started-at="2025-11-22T23:07:41 IST" name="launchBrowser" finished-at="2025-11-22T23:07:46 IST" duration-ms="5149" status="PASS">
          <params>
            <param index="0">
              <value>
                <![CDATA[chrome]]>
              </value>
            </param>
          </params>
          <reporter-output>
          </reporter-output>
        </test-method> <!-- launchBrowser -->
        <test-method signature="amazonLaunchTest()[pri:0, instance:com.tests.AmazonTest@149e0f5d]" started-at="2025-11-22T23:07:46 IST" name="amazonLaunchTest" finished-at="2025-11-22T23:07:49 IST" duration-ms="2968" status="FAIL">
          <exception class="java.lang.AssertionError">
            <message>
              <![CDATA[expected [true] but found [false]]]>
            </message>
            <full-stacktrace>
              <![CDATA[java.lang.AssertionError: expected [true] but found [false]
at org.testng.Assert.fail(Assert.java:111)
at org.testng.Assert.failNotEquals(Assert.java:1578)
at org.testng.Assert.assertTrue(Assert.java:57)
at org.testng.Assert.assertTrue(Assert.java:67)
at com.tests.AmazonTest.amazonLaunchTest(AmazonTest.java:19)
at java.base/jdk.internal.reflect.NativeMethodAccessorImpl.invoke0(Native Method)
at java.base/jdk.internal.reflect.NativeMethodAccessorImpl.invoke(NativeMethodAccessorImpl.java:77)
at java.base/jdk.internal.reflect.DelegatingMethodAccessorImpl.invoke(DelegatingMethodAccessorImpl.java:43)
at java.base/java.lang.reflect.Method.invoke(Method.java:568)
at org.testng.internal.invokers.MethodInvocationHelper.invokeMethod(MethodInvocationHelper.java:141)
at org.testng.internal.invokers.TestInvoker.invokeMethod(TestInvoker.java:686)
at org.testng.internal.invokers.TestInvoker.retryFailed(TestInvoker.java:269)
at org.testng.internal.invokers.MethodRunner.runInSequence(MethodRunner.java:76)
at org.testng.internal.invokers.TestInvoker$MethodInvocationAgent.invoke(TestInvoker.java:992)
at org.testng.internal.invokers.TestInvoker.invokeTestMethods(TestInvoker.java:203)
at org.testng.internal.invokers.TestMethodWorker.invokeTestMethods(TestMethodWorker.java:154)
at org.testng.internal.invokers.TestMethodWorker.run(TestMethodWorker.java:134)
at java.base/java.util.concurrent.Executors$RunnableAdapter.call(Executors.java:539)
at java.base/java.util.concurrent.FutureTask.run(FutureTask.java:264)
at org.testng.internal.thread.graph.TestNGFutureTask.run(TestNGFutureTask.java:22)
at java.base/java.util.concurrent.ThreadPoolExecutor.runWorker(ThreadPoolExecutor.java:1136)
at java.base/java.util.concurrent.ThreadPoolExecutor$Worker.run(ThreadPoolExecutor.java:635)
at java.base/java.lang.Thread.run(Thread.java:842)
]]>
            </full-stacktrace>
          </exception> <!-- java.lang.AssertionError -->
          <reporter-output>
          </reporter-output>
        </test-method> <!-- amazonLaunchTest -->
        <test-method is-config="true" signature="tearDown()[pri:0, instance:com.tests.AmazonTest@149e0f5d]" started-at="2025-11-22T23:07:50 IST" name="tearDown" finished-at="2025-11-22T23:07:50 IST" duration-ms="349" status="PASS">
          <reporter-output>
          </reporter-output>
        </test-method> <!-- tearDown -->
      </class> <!-- com.tests.AmazonTest -->
      <class name="com.tests.YoutubeTest">
        <test-method is-config="true" signature="launchBrowser(java.lang.String)[pri:0, instance:com.tests.YoutubeTest@4b0b0854]" started-at="2025-11-22T23:07:20 IST" name="launchBrowser" finished-at="2025-11-22T23:07:27 IST" duration-ms="7051" status="PASS">
          <params>
            <param index="0">
              <value>
                <![CDATA[chrome]]>
              </value>
            </param>
          </params>
          <reporter-output>
          </reporter-output>
        </test-method> <!-- launchBrowser -->
        <test-method signature="youtubeLaunchTest()[pri:0, instance:com.tests.YoutubeTest@4b0b0854]" started-at="2025-11-22T23:07:27 IST" name="youtubeLaunchTest" finished-at="2025-11-22T23:07:29 IST" duration-ms="2279" status="PASS">
          <reporter-output>
          </reporter-output>
        </test-method> <!-- youtubeLaunchTest -->
        <test-method is-config="true" signature="tearDown()[pri:0, instance:com.tests.YoutubeTest@4b0b0854]" started-at="2025-11-22T23:07:32 IST" name="tearDown" finished-at="2025-11-22T23:07:34 IST" duration-ms="1346" status="PASS">
          <reporter-output>
          </reporter-output>
        </test-method> <!-- tearDown -->
      </class> <!-- com.tests.YoutubeTest -->
      <class name="com.tests.MyntraTest">
        <test-method is-config="true" signature="launchBrowser(java.lang.String)[pri:0, instance:com.tests.MyntraTest@e056f20]" started-at="2025-11-22T23:07:02 IST" name="launchBrowser" finished-at="2025-11-22T23:07:11 IST" duration-ms="8868" status="PASS">
          <params>
            <param index="0">
              <value>
                <![CDATA[chrome]]>
              </value>
            </param>
          </params>
          <reporter-output>
          </reporter-output>
        </test-method> <!-- launchBrowser -->
        <test-method signature="myntraLaunchTest()[pri:0, instance:com.tests.MyntraTest@e056f20]" started-at="2025-11-22T23:07:11 IST" name="myntraLaunchTest" finished-at="2025-11-22T23:07:13 IST" duration-ms="2630" status="PASS">
          <reporter-output>
          </reporter-output>
        </test-method> <!-- myntraLaunchTest -->
        <test-method is-config="true" signature="tearDown()[pri:0, instance:com.tests.MyntraTest@e056f20]" started-at="2025-11-22T23:07:19 IST" name="tearDown" finished-at="2025-11-22T23:07:21 IST" duration-ms="1350" status="PASS">
          <reporter-output>
          </reporter-output>
        </test-method> <!-- tearDown -->
      </class> <!-- com.tests.MyntraTest -->
      <class name="com.tests.GoogleTest">
        <test-method is-config="true" signature="launchBrowser(java.lang.String)[pri:0, instance:com.tests.GoogleTest@34b7ac2f]" started-at="2025-11-22T23:07:02 IST" name="launchBrowser" finished-at="2025-11-22T23:07:11 IST" duration-ms="9197" status="PASS">
          <params>
            <param index="0">
              <value>
                <![CDATA[chrome]]>
              </value>
            </param>
          </params>
          <reporter-output>
          </reporter-output>
        </test-method> <!-- launchBrowser -->
        <test-method signature="googleLaunchTest()[pri:0, instance:com.tests.GoogleTest@34b7ac2f]" started-at="2025-11-22T23:07:11 IST" name="googleLaunchTest" finished-at="2025-11-22T23:07:14 IST" duration-ms="2545" status="PASS">
          <reporter-output>
          </reporter-output>
        </test-method> <!-- googleLaunchTest -->
        <test-method is-config="true" signature="tearDown()[pri:0, instance:com.tests.GoogleTest@34b7ac2f]" started-at="2025-11-22T23:07:16 IST" name="tearDown" finished-at="2025-11-22T23:07:20 IST" duration-ms="4719" status="PASS">
          <reporter-output>
          </reporter-output>
        </test-method> <!-- tearDown -->
      </class> <!-- com.tests.GoogleTest -->
    </test> <!-- Surefire test -->
  </suite> <!-- Surefire suite -->
</testng-results>
